ERROR - 2024-10-24 00:24:07 --> Error connecting to the database: mysqli_sql_exception: No connection could be made because the target machine actively refused it in D:\vscode\CI\ci4\system\Database\MySQLi\Connection.php:186
Stack trace:
#0 D:\vscode\CI\ci4\system\Database\MySQLi\Connection.php(186): mysqli->real_connect('localhost', 'root', Object(SensitiveParameterValue), 'cms', 3306, '', 0)
#1 D:\vscode\CI\ci4\system\Database\BaseConnection.php(421): CodeIgniter\Database\MySQLi\Connection->connect(false)
#2 D:\vscode\CI\ci4\system\Database\BaseConnection.php(616): CodeIgniter\Database\BaseConnection->initialize()
#3 D:\vscode\CI\ci4\system\Database\BaseBuilder.php(1644): CodeIgniter\Database\BaseConnection->query('SELECT *\nFROM `...', Array, false)
#4 D:\vscode\CI\ci4\system\Model.php(286): CodeIgniter\Database\BaseBuilder->get()
#5 D:\vscode\CI\ci4\system\BaseModel.php(676): CodeIgniter\Model->doFindAll(0, 0)
#6 D:\vscode\CI\ci4\app\Controllers\Home.php(15): CodeIgniter\BaseModel->findAll()
#7 D:\vscode\CI\ci4\system\CodeIgniter.php(933): App\Controllers\Home->index()
#8 D:\vscode\CI\ci4\system\CodeIgniter.php(509): CodeIgniter\CodeIgniter->runController(Object(App\Controllers\Home))
#9 D:\vscode\CI\ci4\system\CodeIgniter.php(355): CodeIgniter\CodeIgniter->handleRequest(NULL, Object(Config\Cache), false)
#10 D:\vscode\CI\ci4\system\Boot.php(325): CodeIgniter\CodeIgniter->run()
#11 D:\vscode\CI\ci4\system\Boot.php(67): CodeIgniter\Boot::runCodeIgniter(Object(CodeIgniter\CodeIgniter))
#12 D:\vscode\CI\ci4\public\index.php(56): CodeIgniter\Boot::bootWeb(Object(Config\Paths))
#13 D:\vscode\CI\ci4\system\rewrite.php(44): require_once('D:\\vscode\\CI\\ci...')
#14 {main}

Next CodeIgniter\Database\Exceptions\DatabaseException: No connection could be made because the target machine actively refused it in D:\vscode\CI\ci4\system\Database\MySQLi\Connection.php:231
Stack trace:
#0 D:\vscode\CI\ci4\system\Database\BaseConnection.php(421): CodeIgniter\Database\MySQLi\Connection->connect(false)
#1 D:\vscode\CI\ci4\system\Database\BaseConnection.php(616): CodeIgniter\Database\BaseConnection->initialize()
#2 D:\vscode\CI\ci4\system\Database\BaseBuilder.php(1644): CodeIgniter\Database\BaseConnection->query('SELECT *\nFROM `...', Array, false)
#3 D:\vscode\CI\ci4\system\Model.php(286): CodeIgniter\Database\BaseBuilder->get()
#4 D:\vscode\CI\ci4\system\BaseModel.php(676): CodeIgniter\Model->doFindAll(0, 0)
#5 D:\vscode\CI\ci4\app\Controllers\Home.php(15): CodeIgniter\BaseModel->findAll()
#6 D:\vscode\CI\ci4\system\CodeIgniter.php(933): App\Controllers\Home->index()
#7 D:\vscode\CI\ci4\system\CodeIgniter.php(509): CodeIgniter\CodeIgniter->runController(Object(App\Controllers\Home))
#8 D:\vscode\CI\ci4\system\CodeIgniter.php(355): CodeIgniter\CodeIgniter->handleRequest(NULL, Object(Config\Cache), false)
#9 D:\vscode\CI\ci4\system\Boot.php(325): CodeIgniter\CodeIgniter->run()
#10 D:\vscode\CI\ci4\system\Boot.php(67): CodeIgniter\Boot::runCodeIgniter(Object(CodeIgniter\CodeIgniter))
#11 D:\vscode\CI\ci4\public\index.php(56): CodeIgniter\Boot::bootWeb(Object(Config\Paths))
#12 D:\vscode\CI\ci4\system\rewrite.php(44): require_once('D:\\vscode\\CI\\ci...')
#13 {main}
CRITICAL - 2024-10-24 00:24:07 --> CodeIgniter\Database\Exceptions\DatabaseException: Unable to connect to the database.
Main connection [MySQLi]: No connection could be made because the target machine actively refused it
[Method: GET, Route: /]
in SYSTEMPATH\Database\BaseConnection.php on line 467.
 1 SYSTEMPATH\Database\BaseConnection.php(616): CodeIgniter\Database\BaseConnection->initialize()
 2 SYSTEMPATH\Database\BaseBuilder.php(1644): CodeIgniter\Database\BaseConnection->query('SELECT *
FROM `konten`
JOIN `kategori` ON `konten`.`id_kategori` = `kategori`.`id_kategori`', [], false)
 3 SYSTEMPATH\Model.php(286): CodeIgniter\Database\BaseBuilder->get()
 4 SYSTEMPATH\BaseModel.php(676): CodeIgniter\Model->doFindAll(0, 0)
 5 APPPATH\Controllers\Home.php(15): CodeIgniter\BaseModel->findAll()
 6 SYSTEMPATH\CodeIgniter.php(933): App\Controllers\Home->index()
 7 SYSTEMPATH\CodeIgniter.php(509): CodeIgniter\CodeIgniter->runController(Object(App\Controllers\Home))
 8 SYSTEMPATH\CodeIgniter.php(355): CodeIgniter\CodeIgniter->handleRequest(null, Object(Config\Cache), false)
 9 SYSTEMPATH\Boot.php(325): CodeIgniter\CodeIgniter->run()
10 SYSTEMPATH\Boot.php(67): CodeIgniter\Boot::runCodeIgniter(Object(CodeIgniter\CodeIgniter))
11 FCPATH\index.php(56): CodeIgniter\Boot::bootWeb(Object(Config\Paths))
12 SYSTEMPATH\rewrite.php(44): require_once('D:\\vscode\\CI\\ci4\\public\\index.php')
