INFO - 2024-10-03 05:55:31 --> Session: Class initialized using 'CodeIgniter\Session\Handlers\FileHandler' driver.
INFO - 2024-10-03 05:55:35 --> Session: Class initialized using 'CodeIgniter\Session\Handlers\FileHandler' driver.
INFO - 2024-10-03 05:55:36 --> Session: Class initialized using 'CodeIgniter\Session\Handlers\FileHandler' driver.
INFO - 2024-10-03 05:55:44 --> Session: Class initialized using 'CodeIgniter\Session\Handlers\FileHandler' driver.
ERROR - 2024-10-03 05:55:49 --> Error connecting to the database: mysqli_sql_exception: No connection could be made because the target machine actively refused it in D:\vscode\CI\ci4\system\Database\MySQLi\Connection.php:186
Stack trace:
#0 D:\vscode\CI\ci4\system\Database\MySQLi\Connection.php(186): mysqli->real_connect('localhost', 'root', Object(SensitiveParameterValue), 'cms', 3306, '', 0)
#1 D:\vscode\CI\ci4\system\Database\BaseConnection.php(421): CodeIgniter\Database\MySQLi\Connection->connect(false)
#2 D:\vscode\CI\ci4\system\Database\BaseConnection.php(616): CodeIgniter\Database\BaseConnection->initialize()
#3 D:\vscode\CI\ci4\system\Database\BaseBuilder.php(1644): CodeIgniter\Database\BaseConnection->query('SELECT *\nFROM `...', Array, false)
#4 D:\vscode\CI\ci4\system\Model.php(330): CodeIgniter\Database\BaseBuilder->get()
#5 D:\vscode\CI\ci4\system\BaseModel.php(714): CodeIgniter\Model->doFirst()
#6 D:\vscode\CI\ci4\app\Controllers\Login.php(19): CodeIgniter\BaseModel->first()
#7 D:\vscode\CI\ci4\system\CodeIgniter.php(933): App\Controllers\Login->login()
#8 D:\vscode\CI\ci4\system\CodeIgniter.php(509): CodeIgniter\CodeIgniter->runController(Object(App\Controllers\Login))
#9 D:\vscode\CI\ci4\system\CodeIgniter.php(355): CodeIgniter\CodeIgniter->handleRequest(NULL, Object(Config\Cache), false)
#10 D:\vscode\CI\ci4\system\Boot.php(325): CodeIgniter\CodeIgniter->run()
#11 D:\vscode\CI\ci4\system\Boot.php(67): CodeIgniter\Boot::runCodeIgniter(Object(CodeIgniter\CodeIgniter))
#12 D:\vscode\CI\ci4\public\index.php(56): CodeIgniter\Boot::bootWeb(Object(Config\Paths))
#13 D:\vscode\CI\ci4\system\rewrite.php(44): require_once('D:\\vscode\\CI\\ci...')
#14 {main}

Next CodeIgniter\Database\Exceptions\DatabaseException: No connection could be made because the target machine actively refused it in D:\vscode\CI\ci4\system\Database\MySQLi\Connection.php:231
Stack trace:
#0 D:\vscode\CI\ci4\system\Database\BaseConnection.php(421): CodeIgniter\Database\MySQLi\Connection->connect(false)
#1 D:\vscode\CI\ci4\system\Database\BaseConnection.php(616): CodeIgniter\Database\BaseConnection->initialize()
#2 D:\vscode\CI\ci4\system\Database\BaseBuilder.php(1644): CodeIgniter\Database\BaseConnection->query('SELECT *\nFROM `...', Array, false)
#3 D:\vscode\CI\ci4\system\Model.php(330): CodeIgniter\Database\BaseBuilder->get()
#4 D:\vscode\CI\ci4\system\BaseModel.php(714): CodeIgniter\Model->doFirst()
#5 D:\vscode\CI\ci4\app\Controllers\Login.php(19): CodeIgniter\BaseModel->first()
#6 D:\vscode\CI\ci4\system\CodeIgniter.php(933): App\Controllers\Login->login()
#7 D:\vscode\CI\ci4\system\CodeIgniter.php(509): CodeIgniter\CodeIgniter->runController(Object(App\Controllers\Login))
#8 D:\vscode\CI\ci4\system\CodeIgniter.php(355): CodeIgniter\CodeIgniter->handleRequest(NULL, Object(Config\Cache), false)
#9 D:\vscode\CI\ci4\system\Boot.php(325): CodeIgniter\CodeIgniter->run()
#10 D:\vscode\CI\ci4\system\Boot.php(67): CodeIgniter\Boot::runCodeIgniter(Object(CodeIgniter\CodeIgniter))
#11 D:\vscode\CI\ci4\public\index.php(56): CodeIgniter\Boot::bootWeb(Object(Config\Paths))
#12 D:\vscode\CI\ci4\system\rewrite.php(44): require_once('D:\\vscode\\CI\\ci...')
#13 {main}
CRITICAL - 2024-10-03 05:55:49 --> CodeIgniter\Database\Exceptions\DatabaseException: Unable to connect to the database.
Main connection [MySQLi]: No connection could be made because the target machine actively refused it
[Method: POST, Route: login]
in SYSTEMPATH\Database\BaseConnection.php on line 467.
 1 SYSTEMPATH\Database\BaseConnection.php(616): CodeIgniter\Database\BaseConnection->initialize()
 2 SYSTEMPATH\Database\BaseBuilder.php(1644): CodeIgniter\Database\BaseConnection->query('SELECT *
FROM `user`
WHERE `username` = :username:
 LIMIT 1', [...], false)
 3 SYSTEMPATH\Model.php(330): CodeIgniter\Database\BaseBuilder->get()
 4 SYSTEMPATH\BaseModel.php(714): CodeIgniter\Model->doFirst()
 5 APPPATH\Controllers\Login.php(19): CodeIgniter\BaseModel->first()
 6 SYSTEMPATH\CodeIgniter.php(933): App\Controllers\Login->login()
 7 SYSTEMPATH\CodeIgniter.php(509): CodeIgniter\CodeIgniter->runController(Object(App\Controllers\Login))
 8 SYSTEMPATH\CodeIgniter.php(355): CodeIgniter\CodeIgniter->handleRequest(null, Object(Config\Cache), false)
 9 SYSTEMPATH\Boot.php(325): CodeIgniter\CodeIgniter->run()
10 SYSTEMPATH\Boot.php(67): CodeIgniter\Boot::runCodeIgniter(Object(CodeIgniter\CodeIgniter))
11 FCPATH\index.php(56): CodeIgniter\Boot::bootWeb(Object(Config\Paths))
12 SYSTEMPATH\rewrite.php(44): require_once('D:\\vscode\\CI\\ci4\\public\\index.php')
INFO - 2024-10-03 05:55:56 --> Session: Class initialized using 'CodeIgniter\Session\Handlers\FileHandler' driver.
INFO - 2024-10-03 05:55:56 --> Session: Class initialized using 'CodeIgniter\Session\Handlers\FileHandler' driver.
INFO - 2024-10-03 05:55:59 --> Session: Class initialized using 'CodeIgniter\Session\Handlers\FileHandler' driver.
INFO - 2024-10-03 05:56:00 --> Session: Class initialized using 'CodeIgniter\Session\Handlers\FileHandler' driver.
INFO - 2024-10-03 05:56:01 --> Session: Class initialized using 'CodeIgniter\Session\Handlers\FileHandler' driver.
CRITICAL - 2024-10-03 05:56:01 --> Error: Object of class App\Models\KontenModel could not be converted to string
[Method: GET, Route: admin/konten/1]
in APPPATH\Controllers\Konten.php on line 67.
 1 SYSTEMPATH\CodeIgniter.php(933): App\Controllers\Konten->deleteKonten('1')
 2 SYSTEMPATH\CodeIgniter.php(509): CodeIgniter\CodeIgniter->runController(Object(App\Controllers\Konten))
 3 SYSTEMPATH\CodeIgniter.php(355): CodeIgniter\CodeIgniter->handleRequest(null, Object(Config\Cache), false)
 4 SYSTEMPATH\Boot.php(325): CodeIgniter\CodeIgniter->run()
 5 SYSTEMPATH\Boot.php(67): CodeIgniter\Boot::runCodeIgniter(Object(CodeIgniter\CodeIgniter))
 6 FCPATH\index.php(56): CodeIgniter\Boot::bootWeb(Object(Config\Paths))
 7 SYSTEMPATH\rewrite.php(44): require_once('D:\\vscode\\CI\\ci4\\public\\index.php')
INFO - 2024-10-03 05:56:11 --> Session: Class initialized using 'CodeIgniter\Session\Handlers\FileHandler' driver.
INFO - 2024-10-03 05:56:21 --> Session: Class initialized using 'CodeIgniter\Session\Handlers\FileHandler' driver.
CRITICAL - 2024-10-03 05:56:21 --> ParseError: syntax error, unexpected token ")", expecting identifier or variable or "{" or "$"
[Method: GET, Route: admin/konten/1]
in APPPATH\Controllers\Konten.php on line 67.
 1 SYSTEMPATH\Autoloader\Autoloader.php(296): CodeIgniter\Autoloader\Autoloader->includeFile('D:\\vscode\\CI\\ci4\\app\\Controllers\\Konten.php')
 2 SYSTEMPATH\Autoloader\Autoloader.php(272): CodeIgniter\Autoloader\Autoloader->loadInNamespace('App\\Controllers\\Konten')
 3 [internal function]: CodeIgniter\Autoloader\Autoloader->loadClass('App\\Controllers\\Konten')
 4 SYSTEMPATH\CodeIgniter.php(887): class_exists('\\App\\Controllers\\Konten', true)
 5 SYSTEMPATH\CodeIgniter.php(496): CodeIgniter\CodeIgniter->startController()
 6 SYSTEMPATH\CodeIgniter.php(355): CodeIgniter\CodeIgniter->handleRequest(null, Object(Config\Cache), false)
 7 SYSTEMPATH\Boot.php(325): CodeIgniter\CodeIgniter->run()
 8 SYSTEMPATH\Boot.php(67): CodeIgniter\Boot::runCodeIgniter(Object(CodeIgniter\CodeIgniter))
 9 FCPATH\index.php(56): CodeIgniter\Boot::bootWeb(Object(Config\Paths))
10 SYSTEMPATH\rewrite.php(44): require_once('D:\\vscode\\CI\\ci4\\public\\index.php')
INFO - 2024-10-03 05:57:05 --> Session: Class initialized using 'CodeIgniter\Session\Handlers\FileHandler' driver.
CRITICAL - 2024-10-03 05:57:05 --> Error: Call to a member function row() on array
[Method: GET, Route: admin/konten/1]
in APPPATH\Controllers\Konten.php on line 66.
 1 SYSTEMPATH\CodeIgniter.php(933): App\Controllers\Konten->deleteKonten('1')
 2 SYSTEMPATH\CodeIgniter.php(509): CodeIgniter\CodeIgniter->runController(Object(App\Controllers\Konten))
 3 SYSTEMPATH\CodeIgniter.php(355): CodeIgniter\CodeIgniter->handleRequest(null, Object(Config\Cache), false)
 4 SYSTEMPATH\Boot.php(325): CodeIgniter\CodeIgniter->run()
 5 SYSTEMPATH\Boot.php(67): CodeIgniter\Boot::runCodeIgniter(Object(CodeIgniter\CodeIgniter))
 6 FCPATH\index.php(56): CodeIgniter\Boot::bootWeb(Object(Config\Paths))
 7 SYSTEMPATH\rewrite.php(44): require_once('D:\\vscode\\CI\\ci4\\public\\index.php')
INFO - 2024-10-03 05:57:06 --> Session: Class initialized using 'CodeIgniter\Session\Handlers\FileHandler' driver.
CRITICAL - 2024-10-03 05:57:06 --> Error: Call to a member function row() on array
[Method: GET, Route: admin/konten/1]
in APPPATH\Controllers\Konten.php on line 66.
 1 SYSTEMPATH\CodeIgniter.php(933): App\Controllers\Konten->deleteKonten('1')
 2 SYSTEMPATH\CodeIgniter.php(509): CodeIgniter\CodeIgniter->runController(Object(App\Controllers\Konten))
 3 SYSTEMPATH\CodeIgniter.php(355): CodeIgniter\CodeIgniter->handleRequest(null, Object(Config\Cache), false)
 4 SYSTEMPATH\Boot.php(325): CodeIgniter\CodeIgniter->run()
 5 SYSTEMPATH\Boot.php(67): CodeIgniter\Boot::runCodeIgniter(Object(CodeIgniter\CodeIgniter))
 6 FCPATH\index.php(56): CodeIgniter\Boot::bootWeb(Object(Config\Paths))
 7 SYSTEMPATH\rewrite.php(44): require_once('D:\\vscode\\CI\\ci4\\public\\index.php')
INFO - 2024-10-03 05:57:55 --> Session: Class initialized using 'CodeIgniter\Session\Handlers\FileHandler' driver.
CRITICAL - 2024-10-03 05:57:56 --> Error: Call to a member function row() on array
[Method: GET, Route: admin/konten/1]
in APPPATH\Controllers\Konten.php on line 66.
 1 SYSTEMPATH\CodeIgniter.php(933): App\Controllers\Konten->deleteKonten('1')
 2 SYSTEMPATH\CodeIgniter.php(509): CodeIgniter\CodeIgniter->runController(Object(App\Controllers\Konten))
 3 SYSTEMPATH\CodeIgniter.php(355): CodeIgniter\CodeIgniter->handleRequest(null, Object(Config\Cache), false)
 4 SYSTEMPATH\Boot.php(325): CodeIgniter\CodeIgniter->run()
 5 SYSTEMPATH\Boot.php(67): CodeIgniter\Boot::runCodeIgniter(Object(CodeIgniter\CodeIgniter))
 6 FCPATH\index.php(56): CodeIgniter\Boot::bootWeb(Object(Config\Paths))
 7 SYSTEMPATH\rewrite.php(44): require_once('D:\\vscode\\CI\\ci4\\public\\index.php')
INFO - 2024-10-03 05:57:56 --> Session: Class initialized using 'CodeIgniter\Session\Handlers\FileHandler' driver.
CRITICAL - 2024-10-03 05:57:56 --> Error: Call to a member function row() on array
[Method: GET, Route: admin/konten/1]
in APPPATH\Controllers\Konten.php on line 66.
 1 SYSTEMPATH\CodeIgniter.php(933): App\Controllers\Konten->deleteKonten('1')
 2 SYSTEMPATH\CodeIgniter.php(509): CodeIgniter\CodeIgniter->runController(Object(App\Controllers\Konten))
 3 SYSTEMPATH\CodeIgniter.php(355): CodeIgniter\CodeIgniter->handleRequest(null, Object(Config\Cache), false)
 4 SYSTEMPATH\Boot.php(325): CodeIgniter\CodeIgniter->run()
 5 SYSTEMPATH\Boot.php(67): CodeIgniter\Boot::runCodeIgniter(Object(CodeIgniter\CodeIgniter))
 6 FCPATH\index.php(56): CodeIgniter\Boot::bootWeb(Object(Config\Paths))
 7 SYSTEMPATH\rewrite.php(44): require_once('D:\\vscode\\CI\\ci4\\public\\index.php')
INFO - 2024-10-03 05:58:07 --> Session: Class initialized using 'CodeIgniter\Session\Handlers\FileHandler' driver.
INFO - 2024-10-03 05:59:31 --> Session: Class initialized using 'CodeIgniter\Session\Handlers\FileHandler' driver.
INFO - 2024-10-03 05:59:31 --> Session: Class initialized using 'CodeIgniter\Session\Handlers\FileHandler' driver.
INFO - 2024-10-03 06:00:24 --> Session: Class initialized using 'CodeIgniter\Session\Handlers\FileHandler' driver.
INFO - 2024-10-03 06:00:42 --> Session: Class initialized using 'CodeIgniter\Session\Handlers\FileHandler' driver.
INFO - 2024-10-03 06:00:53 --> Session: Class initialized using 'CodeIgniter\Session\Handlers\FileHandler' driver.
CRITICAL - 2024-10-03 06:00:53 --> ErrorException: Attempt to read property "file" on array
[Method: GET, Route: admin/konten/1]
in APPPATH\Controllers\Konten.php on line 68.
 1 APPPATH\Controllers\Konten.php(68): CodeIgniter\Debug\Exceptions->errorHandler(2, 'Attempt to read property "file" on array', 'D:\\vscode\\CI\\ci4\\app\\Controllers\\Konten.php', 68)
 2 SYSTEMPATH\CodeIgniter.php(933): App\Controllers\Konten->deleteKonten('1')
 3 SYSTEMPATH\CodeIgniter.php(509): CodeIgniter\CodeIgniter->runController(Object(App\Controllers\Konten))
 4 SYSTEMPATH\CodeIgniter.php(355): CodeIgniter\CodeIgniter->handleRequest(null, Object(Config\Cache), false)
 5 SYSTEMPATH\Boot.php(325): CodeIgniter\CodeIgniter->run()
 6 SYSTEMPATH\Boot.php(67): CodeIgniter\Boot::runCodeIgniter(Object(CodeIgniter\CodeIgniter))
 7 FCPATH\index.php(56): CodeIgniter\Boot::bootWeb(Object(Config\Paths))
 8 SYSTEMPATH\rewrite.php(44): require_once('D:\\vscode\\CI\\ci4\\public\\index.php')
INFO - 2024-10-03 06:01:05 --> Session: Class initialized using 'CodeIgniter\Session\Handlers\FileHandler' driver.
INFO - 2024-10-03 06:01:15 --> Session: Class initialized using 'CodeIgniter\Session\Handlers\FileHandler' driver.
INFO - 2024-10-03 06:02:44 --> Session: Class initialized using 'CodeIgniter\Session\Handlers\FileHandler' driver.
CRITICAL - 2024-10-03 06:02:44 --> Error: Call to undefined function App\Controllers\delete_files()
[Method: GET, Route: admin/konten/1]
in APPPATH\Controllers\Konten.php on line 68.
 1 SYSTEMPATH\CodeIgniter.php(933): App\Controllers\Konten->deleteKonten('1')
 2 SYSTEMPATH\CodeIgniter.php(509): CodeIgniter\CodeIgniter->runController(Object(App\Controllers\Konten))
 3 SYSTEMPATH\CodeIgniter.php(355): CodeIgniter\CodeIgniter->handleRequest(null, Object(Config\Cache), false)
 4 SYSTEMPATH\Boot.php(325): CodeIgniter\CodeIgniter->run()
 5 SYSTEMPATH\Boot.php(67): CodeIgniter\Boot::runCodeIgniter(Object(CodeIgniter\CodeIgniter))
 6 FCPATH\index.php(56): CodeIgniter\Boot::bootWeb(Object(Config\Paths))
 7 SYSTEMPATH\rewrite.php(44): require_once('D:\\vscode\\CI\\ci4\\public\\index.php')
INFO - 2024-10-03 06:02:45 --> Session: Class initialized using 'CodeIgniter\Session\Handlers\FileHandler' driver.
INFO - 2024-10-03 06:02:45 --> Session: Class initialized using 'CodeIgniter\Session\Handlers\FileHandler' driver.
INFO - 2024-10-03 06:02:47 --> Session: Class initialized using 'CodeIgniter\Session\Handlers\FileHandler' driver.
INFO - 2024-10-03 06:02:49 --> Session: Class initialized using 'CodeIgniter\Session\Handlers\FileHandler' driver.
INFO - 2024-10-03 06:05:13 --> Session: Class initialized using 'CodeIgniter\Session\Handlers\FileHandler' driver.
CRITICAL - 2024-10-03 06:05:13 --> CodeIgniter\HTTP\Exceptions\HTTPException: Could not move file "phpD4A5.tmp" to "D:\vscode\CI\ci4\public/assets/upload/konten/". Reason: 
[Method: POST, Route: admin/konten]
in SYSTEMPATH\HTTP\Files\UploadedFile.php on line 154.
 1 SYSTEMPATH\HTTP\Files\UploadedFile.php(154): CodeIgniter\HTTP\Exceptions\HTTPException::forMoveFailed('phpD4A5.tmp', 'D:\\vscode\\CI\\ci4\\public/assets/upload/konten/', '')
 2 APPPATH\Controllers\Konten.php(44): CodeIgniter\HTTP\Files\UploadedFile->move('D:\\vscode\\CI\\ci4\\public/assets/upload/konten/', '2024-10-03 06:05:13-jasuke-removebg-preview.png')
 3 SYSTEMPATH\CodeIgniter.php(933): App\Controllers\Konten->saveKonten()
 4 SYSTEMPATH\CodeIgniter.php(509): CodeIgniter\CodeIgniter->runController(Object(App\Controllers\Konten))
 5 SYSTEMPATH\CodeIgniter.php(355): CodeIgniter\CodeIgniter->handleRequest(null, Object(Config\Cache), false)
 6 SYSTEMPATH\Boot.php(325): CodeIgniter\CodeIgniter->run()
 7 SYSTEMPATH\Boot.php(67): CodeIgniter\Boot::runCodeIgniter(Object(CodeIgniter\CodeIgniter))
 8 FCPATH\index.php(56): CodeIgniter\Boot::bootWeb(Object(Config\Paths))
 9 SYSTEMPATH\rewrite.php(44): require_once('D:\\vscode\\CI\\ci4\\public\\index.php')
INFO - 2024-10-03 06:08:08 --> Session: Class initialized using 'CodeIgniter\Session\Handlers\FileHandler' driver.
CRITICAL - 2024-10-03 06:08:08 --> CodeIgniter\HTTP\Exceptions\HTTPException: Could not move file "php82AF.tmp" to "D:\vscode\CI\ci4\public/assets/upload/konten/". Reason: 
[Method: POST, Route: admin/konten]
in SYSTEMPATH\HTTP\Files\UploadedFile.php on line 154.
 1 SYSTEMPATH\HTTP\Files\UploadedFile.php(154): CodeIgniter\HTTP\Exceptions\HTTPException::forMoveFailed('php82AF.tmp', 'D:\\vscode\\CI\\ci4\\public/assets/upload/konten/', '')
 2 APPPATH\Controllers\Konten.php(44): CodeIgniter\HTTP\Files\UploadedFile->move('D:\\vscode\\CI\\ci4\\public/assets/upload/konten/', '2024-10-03 06:08:08-jasuke-removebg-preview.png')
 3 SYSTEMPATH\CodeIgniter.php(933): App\Controllers\Konten->saveKonten()
 4 SYSTEMPATH\CodeIgniter.php(509): CodeIgniter\CodeIgniter->runController(Object(App\Controllers\Konten))
 5 SYSTEMPATH\CodeIgniter.php(355): CodeIgniter\CodeIgniter->handleRequest(null, Object(Config\Cache), false)
 6 SYSTEMPATH\Boot.php(325): CodeIgniter\CodeIgniter->run()
 7 SYSTEMPATH\Boot.php(67): CodeIgniter\Boot::runCodeIgniter(Object(CodeIgniter\CodeIgniter))
 8 FCPATH\index.php(56): CodeIgniter\Boot::bootWeb(Object(Config\Paths))
 9 SYSTEMPATH\rewrite.php(44): require_once('D:\\vscode\\CI\\ci4\\public\\index.php')
INFO - 2024-10-03 06:08:54 --> Session: Class initialized using 'CodeIgniter\Session\Handlers\FileHandler' driver.
INFO - 2024-10-03 06:09:48 --> Session: Class initialized using 'CodeIgniter\Session\Handlers\FileHandler' driver.
CRITICAL - 2024-10-03 06:09:48 --> ErrorException: mkdir(): No such file or directory
[Method: POST, Route: admin/konten]
in SYSTEMPATH\HTTP\Files\UploadedFile.php on line 181.
 1 [internal function]: CodeIgniter\Debug\Exceptions->errorHandler(2, 'mkdir(): No such file or directory', 'D:\\vscode\\CI\\ci4\\system\\HTTP\\Files\\UploadedFile.php', 181)
 2 SYSTEMPATH\HTTP\Files\UploadedFile.php(181): mkdir('D:\\vscode\\CI\\ci4\\public/assets/upload/konten/2024-10-03 06:09:48-jasuke-removebg-preview.png/', 511, true)
 3 SYSTEMPATH\HTTP\Files\UploadedFile.php(135): CodeIgniter\HTTP\Files\UploadedFile->setPath('D:\\vscode\\CI\\ci4\\public/assets/upload/konten/2024-10-03 06:09:48-jasuke-removebg-preview.png/')
 4 APPPATH\Controllers\Konten.php(44): CodeIgniter\HTTP\Files\UploadedFile->move('D:\\vscode\\CI\\ci4\\public/assets/upload/konten/2024-10-03 06:09:48-jasuke-removebg-preview.png/')
 5 SYSTEMPATH\CodeIgniter.php(933): App\Controllers\Konten->saveKonten()
 6 SYSTEMPATH\CodeIgniter.php(509): CodeIgniter\CodeIgniter->runController(Object(App\Controllers\Konten))
 7 SYSTEMPATH\CodeIgniter.php(355): CodeIgniter\CodeIgniter->handleRequest(null, Object(Config\Cache), false)
 8 SYSTEMPATH\Boot.php(325): CodeIgniter\CodeIgniter->run()
 9 SYSTEMPATH\Boot.php(67): CodeIgniter\Boot::runCodeIgniter(Object(CodeIgniter\CodeIgniter))
10 FCPATH\index.php(56): CodeIgniter\Boot::bootWeb(Object(Config\Paths))
11 SYSTEMPATH\rewrite.php(44): require_once('D:\\vscode\\CI\\ci4\\public\\index.php')
INFO - 2024-10-03 06:09:57 --> Session: Class initialized using 'CodeIgniter\Session\Handlers\FileHandler' driver.
INFO - 2024-10-03 06:09:58 --> Session: Class initialized using 'CodeIgniter\Session\Handlers\FileHandler' driver.
INFO - 2024-10-03 06:10:23 --> Session: Class initialized using 'CodeIgniter\Session\Handlers\FileHandler' driver.
CRITICAL - 2024-10-03 06:10:23 --> ErrorException: mkdir(): No such file or directory
[Method: POST, Route: admin/konten]
in SYSTEMPATH\HTTP\Files\UploadedFile.php on line 181.
 1 [internal function]: CodeIgniter\Debug\Exceptions->errorHandler(2, 'mkdir(): No such file or directory', 'D:\\vscode\\CI\\ci4\\system\\HTTP\\Files\\UploadedFile.php', 181)
 2 SYSTEMPATH\HTTP\Files\UploadedFile.php(181): mkdir('D:\\vscode\\CI\\ci4\\public/assets/upload/konten/2024-10-03 06:10:23-kindpng_236427 (1).png/', 511, true)
 3 SYSTEMPATH\HTTP\Files\UploadedFile.php(135): CodeIgniter\HTTP\Files\UploadedFile->setPath('D:\\vscode\\CI\\ci4\\public/assets/upload/konten/2024-10-03 06:10:23-kindpng_236427 (1).png/')
 4 APPPATH\Controllers\Konten.php(44): CodeIgniter\HTTP\Files\UploadedFile->move('D:\\vscode\\CI\\ci4\\public/assets/upload/konten/2024-10-03 06:10:23-kindpng_236427 (1).png/')
 5 SYSTEMPATH\CodeIgniter.php(933): App\Controllers\Konten->saveKonten()
 6 SYSTEMPATH\CodeIgniter.php(509): CodeIgniter\CodeIgniter->runController(Object(App\Controllers\Konten))
 7 SYSTEMPATH\CodeIgniter.php(355): CodeIgniter\CodeIgniter->handleRequest(null, Object(Config\Cache), false)
 8 SYSTEMPATH\Boot.php(325): CodeIgniter\CodeIgniter->run()
 9 SYSTEMPATH\Boot.php(67): CodeIgniter\Boot::runCodeIgniter(Object(CodeIgniter\CodeIgniter))
10 FCPATH\index.php(56): CodeIgniter\Boot::bootWeb(Object(Config\Paths))
11 SYSTEMPATH\rewrite.php(44): require_once('D:\\vscode\\CI\\ci4\\public\\index.php')
INFO - 2024-10-03 06:20:41 --> Session: Class initialized using 'CodeIgniter\Session\Handlers\FileHandler' driver.
INFO - 2024-10-03 06:21:25 --> Session: Class initialized using 'CodeIgniter\Session\Handlers\FileHandler' driver.
CRITICAL - 2024-10-03 06:21:25 --> ErrorException: mkdir(): No such file or directory
[Method: POST, Route: admin/konten]
in SYSTEMPATH\HTTP\Files\UploadedFile.php on line 181.
 1 [internal function]: CodeIgniter\Debug\Exceptions->errorHandler(2, 'mkdir(): No such file or directory', 'D:\\vscode\\CI\\ci4\\system\\HTTP\\Files\\UploadedFile.php', 181)
 2 SYSTEMPATH\HTTP\Files\UploadedFile.php(181): mkdir('D:\\vscode\\CI\\ci4\\public/assets/upload/konten/2024-10-03 06:21:25-kindpng_236427 (1).png/', 511, true)
 3 SYSTEMPATH\HTTP\Files\UploadedFile.php(135): CodeIgniter\HTTP\Files\UploadedFile->setPath('D:\\vscode\\CI\\ci4\\public/assets/upload/konten/2024-10-03 06:21:25-kindpng_236427 (1).png/')
 4 APPPATH\Controllers\Konten.php(44): CodeIgniter\HTTP\Files\UploadedFile->move('D:\\vscode\\CI\\ci4\\public/assets/upload/konten/2024-10-03 06:21:25-kindpng_236427 (1).png/')
 5 SYSTEMPATH\CodeIgniter.php(933): App\Controllers\Konten->saveKonten()
 6 SYSTEMPATH\CodeIgniter.php(509): CodeIgniter\CodeIgniter->runController(Object(App\Controllers\Konten))
 7 SYSTEMPATH\CodeIgniter.php(355): CodeIgniter\CodeIgniter->handleRequest(null, Object(Config\Cache), false)
 8 SYSTEMPATH\Boot.php(325): CodeIgniter\CodeIgniter->run()
 9 SYSTEMPATH\Boot.php(67): CodeIgniter\Boot::runCodeIgniter(Object(CodeIgniter\CodeIgniter))
10 FCPATH\index.php(56): CodeIgniter\Boot::bootWeb(Object(Config\Paths))
11 SYSTEMPATH\rewrite.php(44): require_once('D:\\vscode\\CI\\ci4\\public\\index.php')
INFO - 2024-10-03 06:21:32 --> Session: Class initialized using 'CodeIgniter\Session\Handlers\FileHandler' driver.
INFO - 2024-10-03 06:21:36 --> Session: Class initialized using 'CodeIgniter\Session\Handlers\FileHandler' driver.
INFO - 2024-10-03 06:23:41 --> Session: Class initialized using 'CodeIgniter\Session\Handlers\FileHandler' driver.
INFO - 2024-10-03 06:26:21 --> Session: Class initialized using 'CodeIgniter\Session\Handlers\FileHandler' driver.
INFO - 2024-10-03 06:35:11 --> Session: Class initialized using 'CodeIgniter\Session\Handlers\FileHandler' driver.
CRITICAL - 2024-10-03 06:35:11 --> ErrorException: mkdir(): No such file or directory
[Method: POST, Route: admin/konten]
in SYSTEMPATH\HTTP\Files\UploadedFile.php on line 181.
 1 [internal function]: CodeIgniter\Debug\Exceptions->errorHandler(2, 'mkdir(): No such file or directory', 'D:\\vscode\\CI\\ci4\\system\\HTTP\\Files\\UploadedFile.php', 181)
 2 SYSTEMPATH\HTTP\Files\UploadedFile.php(181): mkdir('D:\\vscode\\CI\\ci4\\writable\\uploads/D:\\vscode\\CI\\ci4\\public/assets/upload/konten/', 511, true)
 3 SYSTEMPATH\HTTP\Files\UploadedFile.php(135): CodeIgniter\HTTP\Files\UploadedFile->setPath('D:\\vscode\\CI\\ci4\\writable\\uploads/D:\\vscode\\CI\\ci4\\public/assets/upload/konten/')
 4 SYSTEMPATH\HTTP\Files\UploadedFile.php(355): CodeIgniter\HTTP\Files\UploadedFile->move('D:\\vscode\\CI\\ci4\\writable\\uploads/D:\\vscode\\CI\\ci4\\public/assets/upload/konten/', '2024-10-03 06:35:11-kindpng_236427 (1).png')
 5 APPPATH\Controllers\Konten.php(44): CodeIgniter\HTTP\Files\UploadedFile->store('D:\\vscode\\CI\\ci4\\public/assets/upload/konten/', '2024-10-03 06:35:11-kindpng_236427 (1).png')
 6 SYSTEMPATH\CodeIgniter.php(933): App\Controllers\Konten->saveKonten()
 7 SYSTEMPATH\CodeIgniter.php(509): CodeIgniter\CodeIgniter->runController(Object(App\Controllers\Konten))
 8 SYSTEMPATH\CodeIgniter.php(355): CodeIgniter\CodeIgniter->handleRequest(null, Object(Config\Cache), false)
 9 SYSTEMPATH\Boot.php(325): CodeIgniter\CodeIgniter->run()
10 SYSTEMPATH\Boot.php(67): CodeIgniter\Boot::runCodeIgniter(Object(CodeIgniter\CodeIgniter))
11 FCPATH\index.php(56): CodeIgniter\Boot::bootWeb(Object(Config\Paths))
12 SYSTEMPATH\rewrite.php(44): require_once('D:\\vscode\\CI\\ci4\\public\\index.php')
INFO - 2024-10-03 06:35:17 --> Session: Class initialized using 'CodeIgniter\Session\Handlers\FileHandler' driver.
INFO - 2024-10-03 06:35:18 --> Session: Class initialized using 'CodeIgniter\Session\Handlers\FileHandler' driver.
INFO - 2024-10-03 06:35:31 --> Session: Class initialized using 'CodeIgniter\Session\Handlers\FileHandler' driver.
CRITICAL - 2024-10-03 06:35:31 --> ErrorException: mkdir(): No such file or directory
[Method: POST, Route: admin/konten]
in SYSTEMPATH\HTTP\Files\UploadedFile.php on line 181.
 1 [internal function]: CodeIgniter\Debug\Exceptions->errorHandler(2, 'mkdir(): No such file or directory', 'D:\\vscode\\CI\\ci4\\system\\HTTP\\Files\\UploadedFile.php', 181)
 2 SYSTEMPATH\HTTP\Files\UploadedFile.php(181): mkdir('D:\\vscode\\CI\\ci4\\writable\\uploads/D:\\vscode\\CI\\ci4\\public/assets/upload/konten/', 511, true)
 3 SYSTEMPATH\HTTP\Files\UploadedFile.php(135): CodeIgniter\HTTP\Files\UploadedFile->setPath('D:\\vscode\\CI\\ci4\\writable\\uploads/D:\\vscode\\CI\\ci4\\public/assets/upload/konten/')
 4 SYSTEMPATH\HTTP\Files\UploadedFile.php(355): CodeIgniter\HTTP\Files\UploadedFile->move('D:\\vscode\\CI\\ci4\\writable\\uploads/D:\\vscode\\CI\\ci4\\public/assets/upload/konten/', '2024-10-03 06:35:31-Telinga_Logo_Jagung__Sayur_Mayur__Benih__Organik_PNG_dan_Vektor_dengan_Background_Transparan_untuk_Unduh_Gratis-removebg-preview.png')
 5 APPPATH\Controllers\Konten.php(44): CodeIgniter\HTTP\Files\UploadedFile->store('D:\\vscode\\CI\\ci4\\public/assets/upload/konten/', '2024-10-03 06:35:31-Telinga_Logo_Jagung__Sayur_Mayur__Benih__Organik_PNG_dan_Vektor_dengan_Background_Transparan_untuk_Unduh_Gratis-removebg-preview.png')
 6 SYSTEMPATH\CodeIgniter.php(933): App\Controllers\Konten->saveKonten()
 7 SYSTEMPATH\CodeIgniter.php(509): CodeIgniter\CodeIgniter->runController(Object(App\Controllers\Konten))
 8 SYSTEMPATH\CodeIgniter.php(355): CodeIgniter\CodeIgniter->handleRequest(null, Object(Config\Cache), false)
 9 SYSTEMPATH\Boot.php(325): CodeIgniter\CodeIgniter->run()
10 SYSTEMPATH\Boot.php(67): CodeIgniter\Boot::runCodeIgniter(Object(CodeIgniter\CodeIgniter))
11 FCPATH\index.php(56): CodeIgniter\Boot::bootWeb(Object(Config\Paths))
12 SYSTEMPATH\rewrite.php(44): require_once('D:\\vscode\\CI\\ci4\\public\\index.php')
INFO - 2024-10-03 06:37:40 --> Session: Class initialized using 'CodeIgniter\Session\Handlers\FileHandler' driver.
CRITICAL - 2024-10-03 06:37:40 --> ErrorException: mkdir(): No such file or directory
[Method: POST, Route: admin/konten]
in SYSTEMPATH\HTTP\Files\UploadedFile.php on line 181.
 1 [internal function]: CodeIgniter\Debug\Exceptions->errorHandler(2, 'mkdir(): No such file or directory', 'D:\\vscode\\CI\\ci4\\system\\HTTP\\Files\\UploadedFile.php', 181)
 2 SYSTEMPATH\HTTP\Files\UploadedFile.php(181): mkdir('D:\\vscode\\CI\\ci4\\writable\\uploads/D:\\vscode\\CI\\ci4\\public/assets/upload/konten/', 511, true)
 3 SYSTEMPATH\HTTP\Files\UploadedFile.php(135): CodeIgniter\HTTP\Files\UploadedFile->setPath('D:\\vscode\\CI\\ci4\\writable\\uploads/D:\\vscode\\CI\\ci4\\public/assets/upload/konten/')
 4 SYSTEMPATH\HTTP\Files\UploadedFile.php(355): CodeIgniter\HTTP\Files\UploadedFile->move('D:\\vscode\\CI\\ci4\\writable\\uploads/D:\\vscode\\CI\\ci4\\public/assets/upload/konten/', '2024-10-03 06:37:40-Telinga_Logo_Jagung__Sayur_Mayur__Benih__Organik_PNG_dan_Vektor_dengan_Background_Transparan_untuk_Unduh_Gratis-removebg-preview.png')
 5 APPPATH\Controllers\Konten.php(44): CodeIgniter\HTTP\Files\UploadedFile->store('D:\\vscode\\CI\\ci4\\public/assets/upload/konten/', '2024-10-03 06:37:40-Telinga_Logo_Jagung__Sayur_Mayur__Benih__Organik_PNG_dan_Vektor_dengan_Background_Transparan_untuk_Unduh_Gratis-removebg-preview.png')
 6 SYSTEMPATH\CodeIgniter.php(933): App\Controllers\Konten->saveKonten()
 7 SYSTEMPATH\CodeIgniter.php(509): CodeIgniter\CodeIgniter->runController(Object(App\Controllers\Konten))
 8 SYSTEMPATH\CodeIgniter.php(355): CodeIgniter\CodeIgniter->handleRequest(null, Object(Config\Cache), false)
 9 SYSTEMPATH\Boot.php(325): CodeIgniter\CodeIgniter->run()
10 SYSTEMPATH\Boot.php(67): CodeIgniter\Boot::runCodeIgniter(Object(CodeIgniter\CodeIgniter))
11 FCPATH\index.php(56): CodeIgniter\Boot::bootWeb(Object(Config\Paths))
12 SYSTEMPATH\rewrite.php(44): require_once('D:\\vscode\\CI\\ci4\\public\\index.php')
INFO - 2024-10-03 06:38:28 --> Session: Class initialized using 'CodeIgniter\Session\Handlers\FileHandler' driver.
CRITICAL - 2024-10-03 06:38:28 --> ErrorException: mkdir(): No such file or directory
[Method: POST, Route: admin/konten]
in SYSTEMPATH\HTTP\Files\UploadedFile.php on line 181.
 1 [internal function]: CodeIgniter\Debug\Exceptions->errorHandler(2, 'mkdir(): No such file or directory', 'D:\\vscode\\CI\\ci4\\system\\HTTP\\Files\\UploadedFile.php', 181)
 2 SYSTEMPATH\HTTP\Files\UploadedFile.php(181): mkdir('D:\\vscode\\CI\\ci4\\writable\\uploads/D:\\vscode\\CI\\ci4\\public/assets/upload/konten/', 511, true)
 3 SYSTEMPATH\HTTP\Files\UploadedFile.php(135): CodeIgniter\HTTP\Files\UploadedFile->setPath('D:\\vscode\\CI\\ci4\\writable\\uploads/D:\\vscode\\CI\\ci4\\public/assets/upload/konten/')
 4 SYSTEMPATH\HTTP\Files\UploadedFile.php(355): CodeIgniter\HTTP\Files\UploadedFile->move('D:\\vscode\\CI\\ci4\\writable\\uploads/D:\\vscode\\CI\\ci4\\public/assets/upload/konten/', '2024-10-03 06:38:28-Telinga_Logo_Jagung__Sayur_Mayur__Benih__Organik_PNG_dan_Vektor_dengan_Background_Transparan_untuk_Unduh_Gratis-removebg-preview.png')
 5 APPPATH\Controllers\Konten.php(44): CodeIgniter\HTTP\Files\UploadedFile->store('D:\\vscode\\CI\\ci4\\public/assets/upload/konten/', '2024-10-03 06:38:28-Telinga_Logo_Jagung__Sayur_Mayur__Benih__Organik_PNG_dan_Vektor_dengan_Background_Transparan_untuk_Unduh_Gratis-removebg-preview.png')
 6 SYSTEMPATH\CodeIgniter.php(933): App\Controllers\Konten->saveKonten()
 7 SYSTEMPATH\CodeIgniter.php(509): CodeIgniter\CodeIgniter->runController(Object(App\Controllers\Konten))
 8 SYSTEMPATH\CodeIgniter.php(355): CodeIgniter\CodeIgniter->handleRequest(null, Object(Config\Cache), false)
 9 SYSTEMPATH\Boot.php(325): CodeIgniter\CodeIgniter->run()
10 SYSTEMPATH\Boot.php(67): CodeIgniter\Boot::runCodeIgniter(Object(CodeIgniter\CodeIgniter))
11 FCPATH\index.php(56): CodeIgniter\Boot::bootWeb(Object(Config\Paths))
12 SYSTEMPATH\rewrite.php(44): require_once('D:\\vscode\\CI\\ci4\\public\\index.php')
INFO - 2024-10-03 06:38:30 --> Session: Class initialized using 'CodeIgniter\Session\Handlers\FileHandler' driver.
INFO - 2024-10-03 06:39:54 --> Session: Class initialized using 'CodeIgniter\Session\Handlers\FileHandler' driver.
INFO - 2024-10-03 06:40:04 --> Session: Class initialized using 'CodeIgniter\Session\Handlers\FileHandler' driver.
CRITICAL - 2024-10-03 06:40:04 --> ErrorException: mkdir(): No such file or directory
[Method: POST, Route: admin/konten]
in SYSTEMPATH\HTTP\Files\UploadedFile.php on line 181.
 1 [internal function]: CodeIgniter\Debug\Exceptions->errorHandler(2, 'mkdir(): No such file or directory', 'D:\\vscode\\CI\\ci4\\system\\HTTP\\Files\\UploadedFile.php', 181)
 2 SYSTEMPATH\HTTP\Files\UploadedFile.php(181): mkdir('D:\\vscode\\CI\\ci4\\writable\\uploads/D:\\vscode\\CI\\ci4\\public/assets/upload/konten/', 511, true)
 3 SYSTEMPATH\HTTP\Files\UploadedFile.php(135): CodeIgniter\HTTP\Files\UploadedFile->setPath('D:\\vscode\\CI\\ci4\\writable\\uploads/D:\\vscode\\CI\\ci4\\public/assets/upload/konten/')
 4 SYSTEMPATH\HTTP\Files\UploadedFile.php(355): CodeIgniter\HTTP\Files\UploadedFile->move('D:\\vscode\\CI\\ci4\\writable\\uploads/D:\\vscode\\CI\\ci4\\public/assets/upload/konten/', '2024-10-03 06:40:04-png')
 5 APPPATH\Controllers\Konten.php(44): CodeIgniter\HTTP\Files\UploadedFile->store('D:\\vscode\\CI\\ci4\\public/assets/upload/konten/', '2024-10-03 06:40:04-png')
 6 SYSTEMPATH\CodeIgniter.php(933): App\Controllers\Konten->saveKonten()
 7 SYSTEMPATH\CodeIgniter.php(509): CodeIgniter\CodeIgniter->runController(Object(App\Controllers\Konten))
 8 SYSTEMPATH\CodeIgniter.php(355): CodeIgniter\CodeIgniter->handleRequest(null, Object(Config\Cache), false)
 9 SYSTEMPATH\Boot.php(325): CodeIgniter\CodeIgniter->run()
10 SYSTEMPATH\Boot.php(67): CodeIgniter\Boot::runCodeIgniter(Object(CodeIgniter\CodeIgniter))
11 FCPATH\index.php(56): CodeIgniter\Boot::bootWeb(Object(Config\Paths))
12 SYSTEMPATH\rewrite.php(44): require_once('D:\\vscode\\CI\\ci4\\public\\index.php')
INFO - 2024-10-03 06:40:13 --> Session: Class initialized using 'CodeIgniter\Session\Handlers\FileHandler' driver.
CRITICAL - 2024-10-03 06:40:13 --> CodeIgniter\HTTP\Exceptions\HTTPException: Could not move file "phpE1BA.tmp" to "D:\vscode\CI\ci4\public/assets/upload/konten/". Reason: 
[Method: POST, Route: admin/konten]
in SYSTEMPATH\HTTP\Files\UploadedFile.php on line 154.
 1 SYSTEMPATH\HTTP\Files\UploadedFile.php(154): CodeIgniter\HTTP\Exceptions\HTTPException::forMoveFailed('phpE1BA.tmp', 'D:\\vscode\\CI\\ci4\\public/assets/upload/konten/', '')
 2 APPPATH\Controllers\Konten.php(44): CodeIgniter\HTTP\Files\UploadedFile->move('D:\\vscode\\CI\\ci4\\public/assets/upload/konten/', '2024-10-03 06:40:13-png')
 3 SYSTEMPATH\CodeIgniter.php(933): App\Controllers\Konten->saveKonten()
 4 SYSTEMPATH\CodeIgniter.php(509): CodeIgniter\CodeIgniter->runController(Object(App\Controllers\Konten))
 5 SYSTEMPATH\CodeIgniter.php(355): CodeIgniter\CodeIgniter->handleRequest(null, Object(Config\Cache), false)
 6 SYSTEMPATH\Boot.php(325): CodeIgniter\CodeIgniter->run()
 7 SYSTEMPATH\Boot.php(67): CodeIgniter\Boot::runCodeIgniter(Object(CodeIgniter\CodeIgniter))
 8 FCPATH\index.php(56): CodeIgniter\Boot::bootWeb(Object(Config\Paths))
 9 SYSTEMPATH\rewrite.php(44): require_once('D:\\vscode\\CI\\ci4\\public\\index.php')
INFO - 2024-10-03 06:40:17 --> Session: Class initialized using 'CodeIgniter\Session\Handlers\FileHandler' driver.
CRITICAL - 2024-10-03 06:40:17 --> CodeIgniter\HTTP\Exceptions\HTTPException: Could not move file "phpF051.tmp" to "D:\vscode\CI\ci4\public/assets/upload/konten/". Reason: 
[Method: POST, Route: admin/konten]
in SYSTEMPATH\HTTP\Files\UploadedFile.php on line 154.
 1 SYSTEMPATH\HTTP\Files\UploadedFile.php(154): CodeIgniter\HTTP\Exceptions\HTTPException::forMoveFailed('phpF051.tmp', 'D:\\vscode\\CI\\ci4\\public/assets/upload/konten/', '')
 2 APPPATH\Controllers\Konten.php(44): CodeIgniter\HTTP\Files\UploadedFile->move('D:\\vscode\\CI\\ci4\\public/assets/upload/konten/', '2024-10-03 06:40:17-png')
 3 SYSTEMPATH\CodeIgniter.php(933): App\Controllers\Konten->saveKonten()
 4 SYSTEMPATH\CodeIgniter.php(509): CodeIgniter\CodeIgniter->runController(Object(App\Controllers\Konten))
 5 SYSTEMPATH\CodeIgniter.php(355): CodeIgniter\CodeIgniter->handleRequest(null, Object(Config\Cache), false)
 6 SYSTEMPATH\Boot.php(325): CodeIgniter\CodeIgniter->run()
 7 SYSTEMPATH\Boot.php(67): CodeIgniter\Boot::runCodeIgniter(Object(CodeIgniter\CodeIgniter))
 8 FCPATH\index.php(56): CodeIgniter\Boot::bootWeb(Object(Config\Paths))
 9 SYSTEMPATH\rewrite.php(44): require_once('D:\\vscode\\CI\\ci4\\public\\index.php')
INFO - 2024-10-03 06:40:18 --> Session: Class initialized using 'CodeIgniter\Session\Handlers\FileHandler' driver.
INFO - 2024-10-03 06:40:18 --> Session: Class initialized using 'CodeIgniter\Session\Handlers\FileHandler' driver.
INFO - 2024-10-03 06:40:19 --> Session: Class initialized using 'CodeIgniter\Session\Handlers\FileHandler' driver.
INFO - 2024-10-03 06:40:19 --> Session: Class initialized using 'CodeIgniter\Session\Handlers\FileHandler' driver.
INFO - 2024-10-03 06:40:31 --> Session: Class initialized using 'CodeIgniter\Session\Handlers\FileHandler' driver.
CRITICAL - 2024-10-03 06:40:31 --> CodeIgniter\HTTP\Exceptions\HTTPException: Could not move file "php2934.tmp" to "D:\vscode\CI\ci4\public/assets/upload/konten/". Reason: 
[Method: POST, Route: admin/konten]
in SYSTEMPATH\HTTP\Files\UploadedFile.php on line 154.
 1 SYSTEMPATH\HTTP\Files\UploadedFile.php(154): CodeIgniter\HTTP\Exceptions\HTTPException::forMoveFailed('php2934.tmp', 'D:\\vscode\\CI\\ci4\\public/assets/upload/konten/', '')
 2 APPPATH\Controllers\Konten.php(44): CodeIgniter\HTTP\Files\UploadedFile->move('D:\\vscode\\CI\\ci4\\public/assets/upload/konten/', '2024-10-03 06:40:31-png')
 3 SYSTEMPATH\CodeIgniter.php(933): App\Controllers\Konten->saveKonten()
 4 SYSTEMPATH\CodeIgniter.php(509): CodeIgniter\CodeIgniter->runController(Object(App\Controllers\Konten))
 5 SYSTEMPATH\CodeIgniter.php(355): CodeIgniter\CodeIgniter->handleRequest(null, Object(Config\Cache), false)
 6 SYSTEMPATH\Boot.php(325): CodeIgniter\CodeIgniter->run()
 7 SYSTEMPATH\Boot.php(67): CodeIgniter\Boot::runCodeIgniter(Object(CodeIgniter\CodeIgniter))
 8 FCPATH\index.php(56): CodeIgniter\Boot::bootWeb(Object(Config\Paths))
 9 SYSTEMPATH\rewrite.php(44): require_once('D:\\vscode\\CI\\ci4\\public\\index.php')
INFO - 2024-10-03 06:41:26 --> Session: Class initialized using 'CodeIgniter\Session\Handlers\FileHandler' driver.
CRITICAL - 2024-10-03 06:41:27 --> CodeIgniter\HTTP\Exceptions\HTTPException: Could not move file "phpFD10.tmp" to "D:\vscode\CI\ci4\public/assets/upload/konten/". Reason: 
[Method: POST, Route: admin/konten]
in SYSTEMPATH\HTTP\Files\UploadedFile.php on line 154.
 1 SYSTEMPATH\HTTP\Files\UploadedFile.php(154): CodeIgniter\HTTP\Exceptions\HTTPException::forMoveFailed('phpFD10.tmp', 'D:\\vscode\\CI\\ci4\\public/assets/upload/konten/', '')
 2 APPPATH\Controllers\Konten.php(44): CodeIgniter\HTTP\Files\UploadedFile->move('D:\\vscode\\CI\\ci4\\public/assets/upload/konten/', '2024-10-03-06:41:27.png')
 3 SYSTEMPATH\CodeIgniter.php(933): App\Controllers\Konten->saveKonten()
 4 SYSTEMPATH\CodeIgniter.php(509): CodeIgniter\CodeIgniter->runController(Object(App\Controllers\Konten))
 5 SYSTEMPATH\CodeIgniter.php(355): CodeIgniter\CodeIgniter->handleRequest(null, Object(Config\Cache), false)
 6 SYSTEMPATH\Boot.php(325): CodeIgniter\CodeIgniter->run()
 7 SYSTEMPATH\Boot.php(67): CodeIgniter\Boot::runCodeIgniter(Object(CodeIgniter\CodeIgniter))
 8 FCPATH\index.php(56): CodeIgniter\Boot::bootWeb(Object(Config\Paths))
 9 SYSTEMPATH\rewrite.php(44): require_once('D:\\vscode\\CI\\ci4\\public\\index.php')
INFO - 2024-10-03 06:41:33 --> Session: Class initialized using 'CodeIgniter\Session\Handlers\FileHandler' driver.
INFO - 2024-10-03 06:41:34 --> Session: Class initialized using 'CodeIgniter\Session\Handlers\FileHandler' driver.
INFO - 2024-10-03 06:41:35 --> Session: Class initialized using 'CodeIgniter\Session\Handlers\FileHandler' driver.
INFO - 2024-10-03 06:41:48 --> Session: Class initialized using 'CodeIgniter\Session\Handlers\FileHandler' driver.
INFO - 2024-10-03 06:41:59 --> Session: Class initialized using 'CodeIgniter\Session\Handlers\FileHandler' driver.
CRITICAL - 2024-10-03 06:41:59 --> CodeIgniter\HTTP\Exceptions\HTTPException: Could not move file "php7DCA.tmp" to "D:\vscode\CI\ci4\public/assets/upload/konten/". Reason: 
[Method: POST, Route: admin/konten]
in SYSTEMPATH\HTTP\Files\UploadedFile.php on line 154.
 1 SYSTEMPATH\HTTP\Files\UploadedFile.php(154): CodeIgniter\HTTP\Exceptions\HTTPException::forMoveFailed('php7DCA.tmp', 'D:\\vscode\\CI\\ci4\\public/assets/upload/konten/', '')
 2 APPPATH\Controllers\Konten.php(44): CodeIgniter\HTTP\Files\UploadedFile->move('D:\\vscode\\CI\\ci4\\public/assets/upload/konten/', '2024-10-03-06:41:59.png')
 3 SYSTEMPATH\CodeIgniter.php(933): App\Controllers\Konten->saveKonten()
 4 SYSTEMPATH\CodeIgniter.php(509): CodeIgniter\CodeIgniter->runController(Object(App\Controllers\Konten))
 5 SYSTEMPATH\CodeIgniter.php(355): CodeIgniter\CodeIgniter->handleRequest(null, Object(Config\Cache), false)
 6 SYSTEMPATH\Boot.php(325): CodeIgniter\CodeIgniter->run()
 7 SYSTEMPATH\Boot.php(67): CodeIgniter\Boot::runCodeIgniter(Object(CodeIgniter\CodeIgniter))
 8 FCPATH\index.php(56): CodeIgniter\Boot::bootWeb(Object(Config\Paths))
 9 SYSTEMPATH\rewrite.php(44): require_once('D:\\vscode\\CI\\ci4\\public\\index.php')
INFO - 2024-10-03 06:44:02 --> Session: Class initialized using 'CodeIgniter\Session\Handlers\FileHandler' driver.
INFO - 2024-10-03 06:49:09 --> Session: Class initialized using 'CodeIgniter\Session\Handlers\FileHandler' driver.
CRITICAL - 2024-10-03 06:49:09 --> ErrorException: mkdir(): No such file or directory
[Method: POST, Route: admin/konten]
in SYSTEMPATH\HTTP\Files\UploadedFile.php on line 181.
 1 [internal function]: CodeIgniter\Debug\Exceptions->errorHandler(2, 'mkdir(): No such file or directory', 'D:\\vscode\\CI\\ci4\\system\\HTTP\\Files\\UploadedFile.php', 181)
 2 SYSTEMPATH\HTTP\Files\UploadedFile.php(181): mkdir('D:\\vscode\\CI\\ci4\\public/assets/upload/konten/2024-10-03-06:49:09.png/', 511, true)
 3 SYSTEMPATH\HTTP\Files\UploadedFile.php(135): CodeIgniter\HTTP\Files\UploadedFile->setPath('D:\\vscode\\CI\\ci4\\public/assets/upload/konten/2024-10-03-06:49:09.png/')
 4 APPPATH\Controllers\Konten.php(44): CodeIgniter\HTTP\Files\UploadedFile->move('D:\\vscode\\CI\\ci4\\public/assets/upload/konten/2024-10-03-06:49:09.png/')
 5 SYSTEMPATH\CodeIgniter.php(933): App\Controllers\Konten->saveKonten()
 6 SYSTEMPATH\CodeIgniter.php(509): CodeIgniter\CodeIgniter->runController(Object(App\Controllers\Konten))
 7 SYSTEMPATH\CodeIgniter.php(355): CodeIgniter\CodeIgniter->handleRequest(null, Object(Config\Cache), false)
 8 SYSTEMPATH\Boot.php(325): CodeIgniter\CodeIgniter->run()
 9 SYSTEMPATH\Boot.php(67): CodeIgniter\Boot::runCodeIgniter(Object(CodeIgniter\CodeIgniter))
10 FCPATH\index.php(56): CodeIgniter\Boot::bootWeb(Object(Config\Paths))
11 SYSTEMPATH\rewrite.php(44): require_once('D:\\vscode\\CI\\ci4\\public\\index.php')
INFO - 2024-10-03 06:49:11 --> Session: Class initialized using 'CodeIgniter\Session\Handlers\FileHandler' driver.
CRITICAL - 2024-10-03 06:49:11 --> ErrorException: mkdir(): No such file or directory
[Method: POST, Route: admin/konten]
in SYSTEMPATH\HTTP\Files\UploadedFile.php on line 181.
 1 [internal function]: CodeIgniter\Debug\Exceptions->errorHandler(2, 'mkdir(): No such file or directory', 'D:\\vscode\\CI\\ci4\\system\\HTTP\\Files\\UploadedFile.php', 181)
 2 SYSTEMPATH\HTTP\Files\UploadedFile.php(181): mkdir('D:\\vscode\\CI\\ci4\\public/assets/upload/konten/2024-10-03-06:49:11.png/', 511, true)
 3 SYSTEMPATH\HTTP\Files\UploadedFile.php(135): CodeIgniter\HTTP\Files\UploadedFile->setPath('D:\\vscode\\CI\\ci4\\public/assets/upload/konten/2024-10-03-06:49:11.png/')
 4 APPPATH\Controllers\Konten.php(44): CodeIgniter\HTTP\Files\UploadedFile->move('D:\\vscode\\CI\\ci4\\public/assets/upload/konten/2024-10-03-06:49:11.png/')
 5 SYSTEMPATH\CodeIgniter.php(933): App\Controllers\Konten->saveKonten()
 6 SYSTEMPATH\CodeIgniter.php(509): CodeIgniter\CodeIgniter->runController(Object(App\Controllers\Konten))
 7 SYSTEMPATH\CodeIgniter.php(355): CodeIgniter\CodeIgniter->handleRequest(null, Object(Config\Cache), false)
 8 SYSTEMPATH\Boot.php(325): CodeIgniter\CodeIgniter->run()
 9 SYSTEMPATH\Boot.php(67): CodeIgniter\Boot::runCodeIgniter(Object(CodeIgniter\CodeIgniter))
10 FCPATH\index.php(56): CodeIgniter\Boot::bootWeb(Object(Config\Paths))
11 SYSTEMPATH\rewrite.php(44): require_once('D:\\vscode\\CI\\ci4\\public\\index.php')
INFO - 2024-10-03 06:49:12 --> Session: Class initialized using 'CodeIgniter\Session\Handlers\FileHandler' driver.
INFO - 2024-10-03 06:49:13 --> Session: Class initialized using 'CodeIgniter\Session\Handlers\FileHandler' driver.
INFO - 2024-10-03 06:49:13 --> Session: Class initialized using 'CodeIgniter\Session\Handlers\FileHandler' driver.
INFO - 2024-10-03 06:49:21 --> Session: Class initialized using 'CodeIgniter\Session\Handlers\FileHandler' driver.
CRITICAL - 2024-10-03 06:49:21 --> ErrorException: mkdir(): No such file or directory
[Method: POST, Route: admin/konten]
in SYSTEMPATH\HTTP\Files\UploadedFile.php on line 181.
 1 [internal function]: CodeIgniter\Debug\Exceptions->errorHandler(2, 'mkdir(): No such file or directory', 'D:\\vscode\\CI\\ci4\\system\\HTTP\\Files\\UploadedFile.php', 181)
 2 SYSTEMPATH\HTTP\Files\UploadedFile.php(181): mkdir('D:\\vscode\\CI\\ci4\\public/assets/upload/konten/2024-10-03-06:49:21.jpg/', 511, true)
 3 SYSTEMPATH\HTTP\Files\UploadedFile.php(135): CodeIgniter\HTTP\Files\UploadedFile->setPath('D:\\vscode\\CI\\ci4\\public/assets/upload/konten/2024-10-03-06:49:21.jpg/')
 4 APPPATH\Controllers\Konten.php(44): CodeIgniter\HTTP\Files\UploadedFile->move('D:\\vscode\\CI\\ci4\\public/assets/upload/konten/2024-10-03-06:49:21.jpg/')
 5 SYSTEMPATH\CodeIgniter.php(933): App\Controllers\Konten->saveKonten()
 6 SYSTEMPATH\CodeIgniter.php(509): CodeIgniter\CodeIgniter->runController(Object(App\Controllers\Konten))
 7 SYSTEMPATH\CodeIgniter.php(355): CodeIgniter\CodeIgniter->handleRequest(null, Object(Config\Cache), false)
 8 SYSTEMPATH\Boot.php(325): CodeIgniter\CodeIgniter->run()
 9 SYSTEMPATH\Boot.php(67): CodeIgniter\Boot::runCodeIgniter(Object(CodeIgniter\CodeIgniter))
10 FCPATH\index.php(56): CodeIgniter\Boot::bootWeb(Object(Config\Paths))
11 SYSTEMPATH\rewrite.php(44): require_once('D:\\vscode\\CI\\ci4\\public\\index.php')
INFO - 2024-10-03 06:50:05 --> Session: Class initialized using 'CodeIgniter\Session\Handlers\FileHandler' driver.
CRITICAL - 2024-10-03 06:50:05 --> CodeIgniter\HTTP\Exceptions\HTTPException: Could not move file "phpE8CC.tmp" to "D:\vscode\CI\ci4\public/assets/upload/konten/". Reason: 
[Method: POST, Route: admin/konten]
in SYSTEMPATH\HTTP\Files\UploadedFile.php on line 154.
 1 SYSTEMPATH\HTTP\Files\UploadedFile.php(154): CodeIgniter\HTTP\Exceptions\HTTPException::forMoveFailed('phpE8CC.tmp', 'D:\\vscode\\CI\\ci4\\public/assets/upload/konten/', '')
 2 APPPATH\Controllers\Konten.php(44): CodeIgniter\HTTP\Files\UploadedFile->move('D:\\vscode\\CI\\ci4\\public/assets/upload/konten/', '2024-10-03-06:50:05.jpg')
 3 SYSTEMPATH\CodeIgniter.php(933): App\Controllers\Konten->saveKonten()
 4 SYSTEMPATH\CodeIgniter.php(509): CodeIgniter\CodeIgniter->runController(Object(App\Controllers\Konten))
 5 SYSTEMPATH\CodeIgniter.php(355): CodeIgniter\CodeIgniter->handleRequest(null, Object(Config\Cache), false)
 6 SYSTEMPATH\Boot.php(325): CodeIgniter\CodeIgniter->run()
 7 SYSTEMPATH\Boot.php(67): CodeIgniter\Boot::runCodeIgniter(Object(CodeIgniter\CodeIgniter))
 8 FCPATH\index.php(56): CodeIgniter\Boot::bootWeb(Object(Config\Paths))
 9 SYSTEMPATH\rewrite.php(44): require_once('D:\\vscode\\CI\\ci4\\public\\index.php')
INFO - 2024-10-03 06:50:07 --> Session: Class initialized using 'CodeIgniter\Session\Handlers\FileHandler' driver.
INFO - 2024-10-03 06:50:08 --> Session: Class initialized using 'CodeIgniter\Session\Handlers\FileHandler' driver.
INFO - 2024-10-03 06:50:09 --> Session: Class initialized using 'CodeIgniter\Session\Handlers\FileHandler' driver.
INFO - 2024-10-03 06:50:18 --> Session: Class initialized using 'CodeIgniter\Session\Handlers\FileHandler' driver.
CRITICAL - 2024-10-03 06:50:18 --> CodeIgniter\HTTP\Exceptions\HTTPException: Could not move file "php1E06.tmp" to "D:\vscode\CI\ci4\public/assets/upload/konten/". Reason: 
[Method: POST, Route: admin/konten]
in SYSTEMPATH\HTTP\Files\UploadedFile.php on line 154.
 1 SYSTEMPATH\HTTP\Files\UploadedFile.php(154): CodeIgniter\HTTP\Exceptions\HTTPException::forMoveFailed('php1E06.tmp', 'D:\\vscode\\CI\\ci4\\public/assets/upload/konten/', '')
 2 APPPATH\Controllers\Konten.php(44): CodeIgniter\HTTP\Files\UploadedFile->move('D:\\vscode\\CI\\ci4\\public/assets/upload/konten/', '2024-10-03-06:50:18.png')
 3 SYSTEMPATH\CodeIgniter.php(933): App\Controllers\Konten->saveKonten()
 4 SYSTEMPATH\CodeIgniter.php(509): CodeIgniter\CodeIgniter->runController(Object(App\Controllers\Konten))
 5 SYSTEMPATH\CodeIgniter.php(355): CodeIgniter\CodeIgniter->handleRequest(null, Object(Config\Cache), false)
 6 SYSTEMPATH\Boot.php(325): CodeIgniter\CodeIgniter->run()
 7 SYSTEMPATH\Boot.php(67): CodeIgniter\Boot::runCodeIgniter(Object(CodeIgniter\CodeIgniter))
 8 FCPATH\index.php(56): CodeIgniter\Boot::bootWeb(Object(Config\Paths))
 9 SYSTEMPATH\rewrite.php(44): require_once('D:\\vscode\\CI\\ci4\\public\\index.php')
INFO - 2024-10-03 06:53:26 --> Session: Class initialized using 'CodeIgniter\Session\Handlers\FileHandler' driver.
CRITICAL - 2024-10-03 06:53:26 --> CodeIgniter\HTTP\Exceptions\HTTPException: Could not move file "phpFBBB.tmp" to "D:\vscode\CI\ci4\public/assets/upload/konten/". Reason: 
[Method: POST, Route: admin/konten]
in SYSTEMPATH\HTTP\Files\UploadedFile.php on line 154.
 1 SYSTEMPATH\HTTP\Files\UploadedFile.php(154): CodeIgniter\HTTP\Exceptions\HTTPException::forMoveFailed('phpFBBB.tmp', 'D:\\vscode\\CI\\ci4\\public/assets/upload/konten/', '')
 2 APPPATH\Controllers\Konten.php(42): CodeIgniter\HTTP\Files\UploadedFile->move('D:\\vscode\\CI\\ci4\\public/assets/upload/konten/', '2024-10-03-06:53:26.png', true)
 3 SYSTEMPATH\CodeIgniter.php(933): App\Controllers\Konten->saveKonten()
 4 SYSTEMPATH\CodeIgniter.php(509): CodeIgniter\CodeIgniter->runController(Object(App\Controllers\Konten))
 5 SYSTEMPATH\CodeIgniter.php(355): CodeIgniter\CodeIgniter->handleRequest(null, Object(Config\Cache), false)
 6 SYSTEMPATH\Boot.php(325): CodeIgniter\CodeIgniter->run()
 7 SYSTEMPATH\Boot.php(67): CodeIgniter\Boot::runCodeIgniter(Object(CodeIgniter\CodeIgniter))
 8 FCPATH\index.php(56): CodeIgniter\Boot::bootWeb(Object(Config\Paths))
 9 SYSTEMPATH\rewrite.php(44): require_once('D:\\vscode\\CI\\ci4\\public\\index.php')
INFO - 2024-10-03 06:59:46 --> Session: Class initialized using 'CodeIgniter\Session\Handlers\FileHandler' driver.
INFO - 2024-10-03 07:00:15 --> Session: Class initialized using 'CodeIgniter\Session\Handlers\FileHandler' driver.
INFO - 2024-10-03 07:00:16 --> Session: Class initialized using 'CodeIgniter\Session\Handlers\FileHandler' driver.
INFO - 2024-10-03 07:01:03 --> Session: Class initialized using 'CodeIgniter\Session\Handlers\FileHandler' driver.
ERROR - 2024-10-03 07:01:04 --> mysqli_sql_exception: Duplicate entry '4' for key 'id_kategori' in D:\vscode\CI\ci4\system\Database\MySQLi\Connection.php:312
Stack trace:
#0 D:\vscode\CI\ci4\system\Database\MySQLi\Connection.php(312): mysqli->query('INSERT INTO `ko...', 0)
#1 D:\vscode\CI\ci4\system\Database\BaseConnection.php(734): CodeIgniter\Database\MySQLi\Connection->execute('INSERT INTO `ko...')
#2 D:\vscode\CI\ci4\system\Database\BaseConnection.php(648): CodeIgniter\Database\BaseConnection->simpleQuery('INSERT INTO `ko...')
#3 D:\vscode\CI\ci4\system\Database\BaseBuilder.php(2340): CodeIgniter\Database\BaseConnection->query('INSERT INTO `ko...', Array, false)
#4 D:\vscode\CI\ci4\system\Model.php(394): CodeIgniter\Database\BaseBuilder->insert()
#5 D:\vscode\CI\ci4\system\BaseModel.php(840): CodeIgniter\Model->doInsert(Array)
#6 D:\vscode\CI\ci4\system\Model.php(802): CodeIgniter\BaseModel->insert(Array, false)
#7 D:\vscode\CI\ci4\system\BaseModel.php(751): CodeIgniter\Model->insert(Array, false)
#8 D:\vscode\CI\ci4\app\Controllers\Konten.php(57): CodeIgniter\BaseModel->save(Array)
#9 D:\vscode\CI\ci4\system\CodeIgniter.php(933): App\Controllers\Konten->saveKonten()
#10 D:\vscode\CI\ci4\system\CodeIgniter.php(509): CodeIgniter\CodeIgniter->runController(Object(App\Controllers\Konten))
#11 D:\vscode\CI\ci4\system\CodeIgniter.php(355): CodeIgniter\CodeIgniter->handleRequest(NULL, Object(Config\Cache), false)
#12 D:\vscode\CI\ci4\system\Boot.php(325): CodeIgniter\CodeIgniter->run()
#13 D:\vscode\CI\ci4\system\Boot.php(67): CodeIgniter\Boot::runCodeIgniter(Object(CodeIgniter\CodeIgniter))
#14 D:\vscode\CI\ci4\public\index.php(56): CodeIgniter\Boot::bootWeb(Object(Config\Paths))
#15 D:\vscode\CI\ci4\system\rewrite.php(44): require_once('D:\\vscode\\CI\\ci...')
#16 {main}
CRITICAL - 2024-10-03 07:01:04 --> CodeIgniter\Database\Exceptions\DatabaseException: Duplicate entry '4' for key 'id_kategori'
[Method: POST, Route: admin/konten]
in SYSTEMPATH\Database\BaseConnection.php on line 688.
 1 SYSTEMPATH\Database\BaseBuilder.php(2340): CodeIgniter\Database\BaseConnection->query('INSERT INTO `konten` (`judul`, `keterangan`, `id_kategori`, `foto`, `slug`, `tanggal`, `username`) VALUES (:judul:, :keterangan:, :id_kategori:, :foto:, :slug:, :tanggal:, :username:)', [...], false)
 2 SYSTEMPATH\Model.php(394): CodeIgniter\Database\BaseBuilder->insert()
 3 SYSTEMPATH\BaseModel.php(840): CodeIgniter\Model->doInsert([...])
 4 SYSTEMPATH\Model.php(802): CodeIgniter\BaseModel->insert([...], false)
 5 SYSTEMPATH\BaseModel.php(751): CodeIgniter\Model->insert([...], false)
 6 APPPATH\Controllers\Konten.php(57): CodeIgniter\BaseModel->save([...])
 7 SYSTEMPATH\CodeIgniter.php(933): App\Controllers\Konten->saveKonten()
 8 SYSTEMPATH\CodeIgniter.php(509): CodeIgniter\CodeIgniter->runController(Object(App\Controllers\Konten))
 9 SYSTEMPATH\CodeIgniter.php(355): CodeIgniter\CodeIgniter->handleRequest(null, Object(Config\Cache), false)
10 SYSTEMPATH\Boot.php(325): CodeIgniter\CodeIgniter->run()
11 SYSTEMPATH\Boot.php(67): CodeIgniter\Boot::runCodeIgniter(Object(CodeIgniter\CodeIgniter))
12 FCPATH\index.php(56): CodeIgniter\Boot::bootWeb(Object(Config\Paths))
13 SYSTEMPATH\rewrite.php(44): require_once('D:\\vscode\\CI\\ci4\\public\\index.php')
CRITICAL - 2024-10-03 07:01:04 --> [Caused by] CodeIgniter\Database\Exceptions\DatabaseException: Duplicate entry '4' for key 'id_kategori'
in SYSTEMPATH\Database\MySQLi\Connection.php on line 317.
 1 SYSTEMPATH\Database\BaseConnection.php(734): CodeIgniter\Database\MySQLi\Connection->execute('INSERT INTO `konten` (`judul`, `keterangan`, `id_kategori`, `foto`, `slug`, `tanggal`, `username`) VALUES (\'brian\', \'brian\', \'4\', \'2024-10-03-07:01:04.png\', \'brian\', \'2024-10-03-07:01:04\', \'brianadi\')')
 2 SYSTEMPATH\Database\BaseConnection.php(648): CodeIgniter\Database\BaseConnection->simpleQuery('INSERT INTO `konten` (`judul`, `keterangan`, `id_kategori`, `foto`, `slug`, `tanggal`, `username`) VALUES (\'brian\', \'brian\', \'4\', \'2024-10-03-07:01:04.png\', \'brian\', \'2024-10-03-07:01:04\', \'brianadi\')')
 3 SYSTEMPATH\Database\BaseBuilder.php(2340): CodeIgniter\Database\BaseConnection->query('INSERT INTO `konten` (`judul`, `keterangan`, `id_kategori`, `foto`, `slug`, `tanggal`, `username`) VALUES (:judul:, :keterangan:, :id_kategori:, :foto:, :slug:, :tanggal:, :username:)', [...], false)
 4 SYSTEMPATH\Model.php(394): CodeIgniter\Database\BaseBuilder->insert()
 5 SYSTEMPATH\BaseModel.php(840): CodeIgniter\Model->doInsert([...])
 6 SYSTEMPATH\Model.php(802): CodeIgniter\BaseModel->insert([...], false)
 7 SYSTEMPATH\BaseModel.php(751): CodeIgniter\Model->insert([...], false)
 8 APPPATH\Controllers\Konten.php(57): CodeIgniter\BaseModel->save([...])
 9 SYSTEMPATH\CodeIgniter.php(933): App\Controllers\Konten->saveKonten()
10 SYSTEMPATH\CodeIgniter.php(509): CodeIgniter\CodeIgniter->runController(Object(App\Controllers\Konten))
11 SYSTEMPATH\CodeIgniter.php(355): CodeIgniter\CodeIgniter->handleRequest(null, Object(Config\Cache), false)
12 SYSTEMPATH\Boot.php(325): CodeIgniter\CodeIgniter->run()
13 SYSTEMPATH\Boot.php(67): CodeIgniter\Boot::runCodeIgniter(Object(CodeIgniter\CodeIgniter))
14 FCPATH\index.php(56): CodeIgniter\Boot::bootWeb(Object(Config\Paths))
15 SYSTEMPATH\rewrite.php(44): require_once('D:\\vscode\\CI\\ci4\\public\\index.php')
CRITICAL - 2024-10-03 07:01:04 --> [Caused by] mysqli_sql_exception: Duplicate entry '4' for key 'id_kategori'
in SYSTEMPATH\Database\MySQLi\Connection.php on line 312.
 1 SYSTEMPATH\Database\MySQLi\Connection.php(312): mysqli->query('INSERT INTO `konten` (`judul`, `keterangan`, `id_kategori`, `foto`, `slug`, `tanggal`, `username`) VALUES (\'brian\', \'brian\', \'4\', \'2024-10-03-07:01:04.png\', \'brian\', \'2024-10-03-07:01:04\', \'brianadi\')', 0)
 2 SYSTEMPATH\Database\BaseConnection.php(734): CodeIgniter\Database\MySQLi\Connection->execute('INSERT INTO `konten` (`judul`, `keterangan`, `id_kategori`, `foto`, `slug`, `tanggal`, `username`) VALUES (\'brian\', \'brian\', \'4\', \'2024-10-03-07:01:04.png\', \'brian\', \'2024-10-03-07:01:04\', \'brianadi\')')
 3 SYSTEMPATH\Database\BaseConnection.php(648): CodeIgniter\Database\BaseConnection->simpleQuery('INSERT INTO `konten` (`judul`, `keterangan`, `id_kategori`, `foto`, `slug`, `tanggal`, `username`) VALUES (\'brian\', \'brian\', \'4\', \'2024-10-03-07:01:04.png\', \'brian\', \'2024-10-03-07:01:04\', \'brianadi\')')
 4 SYSTEMPATH\Database\BaseBuilder.php(2340): CodeIgniter\Database\BaseConnection->query('INSERT INTO `konten` (`judul`, `keterangan`, `id_kategori`, `foto`, `slug`, `tanggal`, `username`) VALUES (:judul:, :keterangan:, :id_kategori:, :foto:, :slug:, :tanggal:, :username:)', [...], false)
 5 SYSTEMPATH\Model.php(394): CodeIgniter\Database\BaseBuilder->insert()
 6 SYSTEMPATH\BaseModel.php(840): CodeIgniter\Model->doInsert([...])
 7 SYSTEMPATH\Model.php(802): CodeIgniter\BaseModel->insert([...], false)
 8 SYSTEMPATH\BaseModel.php(751): CodeIgniter\Model->insert([...], false)
 9 APPPATH\Controllers\Konten.php(57): CodeIgniter\BaseModel->save([...])
10 SYSTEMPATH\CodeIgniter.php(933): App\Controllers\Konten->saveKonten()
11 SYSTEMPATH\CodeIgniter.php(509): CodeIgniter\CodeIgniter->runController(Object(App\Controllers\Konten))
12 SYSTEMPATH\CodeIgniter.php(355): CodeIgniter\CodeIgniter->handleRequest(null, Object(Config\Cache), false)
13 SYSTEMPATH\Boot.php(325): CodeIgniter\CodeIgniter->run()
14 SYSTEMPATH\Boot.php(67): CodeIgniter\Boot::runCodeIgniter(Object(CodeIgniter\CodeIgniter))
15 FCPATH\index.php(56): CodeIgniter\Boot::bootWeb(Object(Config\Paths))
16 SYSTEMPATH\rewrite.php(44): require_once('D:\\vscode\\CI\\ci4\\public\\index.php')
INFO - 2024-10-03 07:01:18 --> Session: Class initialized using 'CodeIgniter\Session\Handlers\FileHandler' driver.
INFO - 2024-10-03 07:01:19 --> Session: Class initialized using 'CodeIgniter\Session\Handlers\FileHandler' driver.
INFO - 2024-10-03 07:01:19 --> Session: Class initialized using 'CodeIgniter\Session\Handlers\FileHandler' driver.
INFO - 2024-10-03 07:01:29 --> Session: Class initialized using 'CodeIgniter\Session\Handlers\FileHandler' driver.
ERROR - 2024-10-03 07:01:29 --> mysqli_sql_exception: Duplicate entry '4' for key 'id_kategori' in D:\vscode\CI\ci4\system\Database\MySQLi\Connection.php:312
Stack trace:
#0 D:\vscode\CI\ci4\system\Database\MySQLi\Connection.php(312): mysqli->query('INSERT INTO `ko...', 0)
#1 D:\vscode\CI\ci4\system\Database\BaseConnection.php(734): CodeIgniter\Database\MySQLi\Connection->execute('INSERT INTO `ko...')
#2 D:\vscode\CI\ci4\system\Database\BaseConnection.php(648): CodeIgniter\Database\BaseConnection->simpleQuery('INSERT INTO `ko...')
#3 D:\vscode\CI\ci4\system\Database\BaseBuilder.php(2340): CodeIgniter\Database\BaseConnection->query('INSERT INTO `ko...', Array, false)
#4 D:\vscode\CI\ci4\system\Model.php(394): CodeIgniter\Database\BaseBuilder->insert()
#5 D:\vscode\CI\ci4\system\BaseModel.php(840): CodeIgniter\Model->doInsert(Array)
#6 D:\vscode\CI\ci4\system\Model.php(802): CodeIgniter\BaseModel->insert(Array, false)
#7 D:\vscode\CI\ci4\system\BaseModel.php(751): CodeIgniter\Model->insert(Array, false)
#8 D:\vscode\CI\ci4\app\Controllers\Konten.php(57): CodeIgniter\BaseModel->save(Array)
#9 D:\vscode\CI\ci4\system\CodeIgniter.php(933): App\Controllers\Konten->saveKonten()
#10 D:\vscode\CI\ci4\system\CodeIgniter.php(509): CodeIgniter\CodeIgniter->runController(Object(App\Controllers\Konten))
#11 D:\vscode\CI\ci4\system\CodeIgniter.php(355): CodeIgniter\CodeIgniter->handleRequest(NULL, Object(Config\Cache), false)
#12 D:\vscode\CI\ci4\system\Boot.php(325): CodeIgniter\CodeIgniter->run()
#13 D:\vscode\CI\ci4\system\Boot.php(67): CodeIgniter\Boot::runCodeIgniter(Object(CodeIgniter\CodeIgniter))
#14 D:\vscode\CI\ci4\public\index.php(56): CodeIgniter\Boot::bootWeb(Object(Config\Paths))
#15 D:\vscode\CI\ci4\system\rewrite.php(44): require_once('D:\\vscode\\CI\\ci...')
#16 {main}
CRITICAL - 2024-10-03 07:01:29 --> CodeIgniter\Database\Exceptions\DatabaseException: Duplicate entry '4' for key 'id_kategori'
[Method: POST, Route: admin/konten]
in SYSTEMPATH\Database\BaseConnection.php on line 688.
 1 SYSTEMPATH\Database\BaseBuilder.php(2340): CodeIgniter\Database\BaseConnection->query('INSERT INTO `konten` (`judul`, `keterangan`, `id_kategori`, `foto`, `slug`, `tanggal`, `username`) VALUES (:judul:, :keterangan:, :id_kategori:, :foto:, :slug:, :tanggal:, :username:)', [...], false)
 2 SYSTEMPATH\Model.php(394): CodeIgniter\Database\BaseBuilder->insert()
 3 SYSTEMPATH\BaseModel.php(840): CodeIgniter\Model->doInsert([...])
 4 SYSTEMPATH\Model.php(802): CodeIgniter\BaseModel->insert([...], false)
 5 SYSTEMPATH\BaseModel.php(751): CodeIgniter\Model->insert([...], false)
 6 APPPATH\Controllers\Konten.php(57): CodeIgniter\BaseModel->save([...])
 7 SYSTEMPATH\CodeIgniter.php(933): App\Controllers\Konten->saveKonten()
 8 SYSTEMPATH\CodeIgniter.php(509): CodeIgniter\CodeIgniter->runController(Object(App\Controllers\Konten))
 9 SYSTEMPATH\CodeIgniter.php(355): CodeIgniter\CodeIgniter->handleRequest(null, Object(Config\Cache), false)
10 SYSTEMPATH\Boot.php(325): CodeIgniter\CodeIgniter->run()
11 SYSTEMPATH\Boot.php(67): CodeIgniter\Boot::runCodeIgniter(Object(CodeIgniter\CodeIgniter))
12 FCPATH\index.php(56): CodeIgniter\Boot::bootWeb(Object(Config\Paths))
13 SYSTEMPATH\rewrite.php(44): require_once('D:\\vscode\\CI\\ci4\\public\\index.php')
CRITICAL - 2024-10-03 07:01:29 --> [Caused by] CodeIgniter\Database\Exceptions\DatabaseException: Duplicate entry '4' for key 'id_kategori'
in SYSTEMPATH\Database\MySQLi\Connection.php on line 317.
 1 SYSTEMPATH\Database\BaseConnection.php(734): CodeIgniter\Database\MySQLi\Connection->execute('INSERT INTO `konten` (`judul`, `keterangan`, `id_kategori`, `foto`, `slug`, `tanggal`, `username`) VALUES (\'brian\', \'brian\', \'4\', \'2024-10-03-07:01:29.jpeg\', \'brian\', \'2024-10-03-07:01:29\', \'brianadi\')')
 2 SYSTEMPATH\Database\BaseConnection.php(648): CodeIgniter\Database\BaseConnection->simpleQuery('INSERT INTO `konten` (`judul`, `keterangan`, `id_kategori`, `foto`, `slug`, `tanggal`, `username`) VALUES (\'brian\', \'brian\', \'4\', \'2024-10-03-07:01:29.jpeg\', \'brian\', \'2024-10-03-07:01:29\', \'brianadi\')')
 3 SYSTEMPATH\Database\BaseBuilder.php(2340): CodeIgniter\Database\BaseConnection->query('INSERT INTO `konten` (`judul`, `keterangan`, `id_kategori`, `foto`, `slug`, `tanggal`, `username`) VALUES (:judul:, :keterangan:, :id_kategori:, :foto:, :slug:, :tanggal:, :username:)', [...], false)
 4 SYSTEMPATH\Model.php(394): CodeIgniter\Database\BaseBuilder->insert()
 5 SYSTEMPATH\BaseModel.php(840): CodeIgniter\Model->doInsert([...])
 6 SYSTEMPATH\Model.php(802): CodeIgniter\BaseModel->insert([...], false)
 7 SYSTEMPATH\BaseModel.php(751): CodeIgniter\Model->insert([...], false)
 8 APPPATH\Controllers\Konten.php(57): CodeIgniter\BaseModel->save([...])
 9 SYSTEMPATH\CodeIgniter.php(933): App\Controllers\Konten->saveKonten()
10 SYSTEMPATH\CodeIgniter.php(509): CodeIgniter\CodeIgniter->runController(Object(App\Controllers\Konten))
11 SYSTEMPATH\CodeIgniter.php(355): CodeIgniter\CodeIgniter->handleRequest(null, Object(Config\Cache), false)
12 SYSTEMPATH\Boot.php(325): CodeIgniter\CodeIgniter->run()
13 SYSTEMPATH\Boot.php(67): CodeIgniter\Boot::runCodeIgniter(Object(CodeIgniter\CodeIgniter))
14 FCPATH\index.php(56): CodeIgniter\Boot::bootWeb(Object(Config\Paths))
15 SYSTEMPATH\rewrite.php(44): require_once('D:\\vscode\\CI\\ci4\\public\\index.php')
CRITICAL - 2024-10-03 07:01:29 --> [Caused by] mysqli_sql_exception: Duplicate entry '4' for key 'id_kategori'
in SYSTEMPATH\Database\MySQLi\Connection.php on line 312.
 1 SYSTEMPATH\Database\MySQLi\Connection.php(312): mysqli->query('INSERT INTO `konten` (`judul`, `keterangan`, `id_kategori`, `foto`, `slug`, `tanggal`, `username`) VALUES (\'brian\', \'brian\', \'4\', \'2024-10-03-07:01:29.jpeg\', \'brian\', \'2024-10-03-07:01:29\', \'brianadi\')', 0)
 2 SYSTEMPATH\Database\BaseConnection.php(734): CodeIgniter\Database\MySQLi\Connection->execute('INSERT INTO `konten` (`judul`, `keterangan`, `id_kategori`, `foto`, `slug`, `tanggal`, `username`) VALUES (\'brian\', \'brian\', \'4\', \'2024-10-03-07:01:29.jpeg\', \'brian\', \'2024-10-03-07:01:29\', \'brianadi\')')
 3 SYSTEMPATH\Database\BaseConnection.php(648): CodeIgniter\Database\BaseConnection->simpleQuery('INSERT INTO `konten` (`judul`, `keterangan`, `id_kategori`, `foto`, `slug`, `tanggal`, `username`) VALUES (\'brian\', \'brian\', \'4\', \'2024-10-03-07:01:29.jpeg\', \'brian\', \'2024-10-03-07:01:29\', \'brianadi\')')
 4 SYSTEMPATH\Database\BaseBuilder.php(2340): CodeIgniter\Database\BaseConnection->query('INSERT INTO `konten` (`judul`, `keterangan`, `id_kategori`, `foto`, `slug`, `tanggal`, `username`) VALUES (:judul:, :keterangan:, :id_kategori:, :foto:, :slug:, :tanggal:, :username:)', [...], false)
 5 SYSTEMPATH\Model.php(394): CodeIgniter\Database\BaseBuilder->insert()
 6 SYSTEMPATH\BaseModel.php(840): CodeIgniter\Model->doInsert([...])
 7 SYSTEMPATH\Model.php(802): CodeIgniter\BaseModel->insert([...], false)
 8 SYSTEMPATH\BaseModel.php(751): CodeIgniter\Model->insert([...], false)
 9 APPPATH\Controllers\Konten.php(57): CodeIgniter\BaseModel->save([...])
10 SYSTEMPATH\CodeIgniter.php(933): App\Controllers\Konten->saveKonten()
11 SYSTEMPATH\CodeIgniter.php(509): CodeIgniter\CodeIgniter->runController(Object(App\Controllers\Konten))
12 SYSTEMPATH\CodeIgniter.php(355): CodeIgniter\CodeIgniter->handleRequest(null, Object(Config\Cache), false)
13 SYSTEMPATH\Boot.php(325): CodeIgniter\CodeIgniter->run()
14 SYSTEMPATH\Boot.php(67): CodeIgniter\Boot::runCodeIgniter(Object(CodeIgniter\CodeIgniter))
15 FCPATH\index.php(56): CodeIgniter\Boot::bootWeb(Object(Config\Paths))
16 SYSTEMPATH\rewrite.php(44): require_once('D:\\vscode\\CI\\ci4\\public\\index.php')
INFO - 2024-10-03 07:03:04 --> Session: Class initialized using 'CodeIgniter\Session\Handlers\FileHandler' driver.
INFO - 2024-10-03 07:03:23 --> Session: Class initialized using 'CodeIgniter\Session\Handlers\FileHandler' driver.
